<?xml version="1.0" encoding="UTF-8"?>
<testng-results skipped="0" failed="0" ignored="0" total="1" passed="1">
  <reporter-output>
  </reporter-output>
  <suite name="Surefire suite" duration-ms="793" started-at="2023-03-16T23:57:51 EDT" finished-at="2023-03-16T23:57:52 EDT">
    <groups>
      <group name="cucumber">
        <method signature="AbstractTestNGCucumberTests.runScenario(io.cucumber.testng.PickleWrapper, io.cucumber.testng.FeatureWrapper)[pri:0, instance:TestRunner@305fd85d]" name="runScenario" class="io.cucumber.testng.AbstractTestNGCucumberTests"/>
      </group> <!-- cucumber -->
    </groups>
    <test name="Surefire test" duration-ms="793" started-at="2023-03-16T23:57:51 EDT" finished-at="2023-03-16T23:57:52 EDT">
      <class name="TestRunner">
        <test-method status="PASS" signature="setUpClass()[pri:0, instance:TestRunner@305fd85d]" name="setUpClass" is-config="true" duration-ms="481" started-at="2023-03-16T23:57:51 EDT" finished-at="2023-03-16T23:57:52 EDT">
          <reporter-output>
          </reporter-output>
        </test-method> <!-- setUpClass -->
        <test-method status="PASS" signature="runScenario(io.cucumber.testng.PickleWrapper, io.cucumber.testng.FeatureWrapper)[pri:0, instance:TestRunner@305fd85d]" name="runScenario" duration-ms="184" started-at="2023-03-16T23:57:52 EDT" description="Runs Cucumber Scenarios" data-provider="scenarios" finished-at="2023-03-16T23:57:52 EDT">
          <params>
            <param index="0">
              <value>
                <![CDATA["User should be able to login with valid email and password"]]>
              </value>
            </param>
            <param index="1">
              <value>
                <![CDATA["Optional[Login Feature]"]]>
              </value>
            </param>
          </params>
          <reporter-output>
          </reporter-output>
        </test-method> <!-- runScenario -->
        <test-method status="PASS" signature="tearDownClass()[pri:0, instance:TestRunner@305fd85d]" name="tearDownClass" is-config="true" duration-ms="89" started-at="2023-03-16T23:57:52 EDT" finished-at="2023-03-16T23:57:52 EDT">
          <reporter-output>
          </reporter-output>
        </test-method> <!-- tearDownClass -->
      </class> <!-- TestRunner -->
    </test> <!-- Surefire test -->
  </suite> <!-- Surefire suite -->
</testng-results>
